Using pre-set license
Built from '2020.3/staging' branch; Version is '2020.3.8f1 (507919d4fff5) revision 5273881'; Using compiler version '192528614'; Build Type 'Release'
OS: 'Windows 10 Pro; OS build 22463.1000; Version 2009; 64bit' Language: 'ru' Physical Memory: 8183 MB
BatchMode: 1, IsHumanControllingUs: 0, StartBugReporterOnCrash: 0, Is64bit: 1, IsPro: 0

 COMMAND LINE ARGUMENTS:
E:\unity\2020.3.8f1\Editor\Unity.exe
-adb2
-batchMode
-noUpm
-name
AssetImportWorker0
-projectPath
E:/Sun
-logFile
Logs/AssetImportWorker0.log
-srvPort
49357
Successfully changed project path to: E:/Sun
E:/Sun
Using Asset Import Pipeline V2.
Refreshing native plugins compatible for Editor in 71.72 ms, found 1 plugins.
Preloading 0 native plugins for Editor in 0.00 ms.
Initialize engine version: 2020.3.8f1 (507919d4fff5)
[Subsystems] Discovering subsystems at path E:/unity/2020.3.8f1/Editor/Data/Resources/UnitySubsystems
[Subsystems] Discovering subsystems at path E:/Sun/Assets
GfxDevice: creating device client; threaded=0
Direct3D:
    Version:  Direct3D 11.0 [level 11.1]
    Renderer: NVIDIA GeForce GT 1030 (ID=0x1d01)
    Vendor:   
    VRAM:     1982 MB
    Driver:   30.0.14.7212
Initialize mono
Mono path[0] = 'E:/unity/2020.3.8f1/Editor/Data/Managed'
Mono path[1] = 'E:/unity/2020.3.8f1/Editor/Data/MonoBleedingEdge/lib/mono/unityjit'
Mono config path = 'E:/unity/2020.3.8f1/Editor/Data/MonoBleedingEdge/etc'
Using monoOptions --debugger-agent=transport=dt_socket,embedding=1,server=y,suspend=n,address=127.0.0.1:56392
Begin MonoManager ReloadAssembly
Registering precompiled unity dll's ...
Register platform support module: E:/unity/2020.3.8f1/Editor/Data/PlaybackEngines/WindowsStandaloneSupport/UnityEditor.WindowsStandalone.Extensions.dll
Register platform support module: E:/unity/2020.3.8f1/Editor/Data/PlaybackEngines/LinuxStandaloneSupport/UnityEditor.LinuxStandalone.Extensions.dll
Registered in 0.002715 seconds.
Native extension for LinuxStandalone target not found
Native extension for WindowsStandalone target not found
Refreshing native plugins compatible for Editor in 60.91 ms, found 1 plugins.
Preloading 0 native plugins for Editor in 0.00 ms.
Mono: successfully reloaded assembly
- Completed reload, in  4.246 seconds
Platform modules already initialized, skipping
Registering precompiled user dll's ...
Registered in 0.001148 seconds.
Begin MonoManager ReloadAssembly
Native extension for LinuxStandalone target not found
Native extension for WindowsStandalone target not found
Refreshing native plugins compatible for Editor in 65.32 ms, found 1 plugins.
Preloading 0 native plugins for Editor in 0.00 ms.
Mono: successfully reloaded assembly
- Completed reload, in  1.672 seconds
Platform modules already initialized, skipping
========================================================================
Worker process is ready to serve import requests
Launched and connected shader compiler UnityShaderCompiler.exe after 0.18 seconds
Refreshing native plugins compatible for Editor in 0.83 ms, found 1 plugins.
Preloading 0 native plugins for Editor in 0.00 ms.
Unloading 1809 Unused Serialized files (Serialized files now loaded: 0)
System memory in use before: 85.0 MB.
System memory in use after: 84.9 MB.

Unloading 24 unused Assets to reduce memory usage. Loaded Objects now: 2251.
Total: 4.627500 ms (FindLiveObjects: 0.327200 ms CreateObjectMapping: 0.128000 ms MarkObjects: 3.954400 ms  DeleteObjects: 0.215700 ms)

========================================================================
Received Import Request.
  path: Assets/CameraController.cs
  artifactKey: Guid(334972ead0f8f5e40baafa99d56ba9bb) Importer(815301076,1909f56bfc062723c751e8b465ee728b)
Start importing Assets/CameraController.cs using Guid(334972ead0f8f5e40baafa99d56ba9bb) Importer(815301076,1909f56bfc062723c751e8b465ee728b)  -> (artifact id: '176eacdcb96338d43aa1a92ad0a3d2f4') in 0.124099 seconds
  Import took 0.150755 seconds .

========================================================================
Received Prepare
Registering precompiled user dll's ...
Registered in 0.003074 seconds.
Begin MonoManager ReloadAssembly
Native extension for LinuxStandalone target not found
Native extension for WindowsStandalone target not found
Refreshing native plugins compatible for Editor in 0.55 ms, found 1 plugins.
Preloading 0 native plugins for Editor in 0.00 ms.
Mono: successfully reloaded assembly
- Completed reload, in  1.517 seconds
Platform modules already initialized, skipping
Refreshing native plugins compatible for Editor in 0.55 ms, found 1 plugins.
Preloading 0 native plugins for Editor in 0.00 ms.
Unloading 1804 Unused Serialized files (Serialized files now loaded: 0)
System memory in use before: 84.9 MB.
System memory in use after: 84.9 MB.

Unloading 12 unused Assets to reduce memory usage. Loaded Objects now: 2255.
Total: 3.002500 ms (FindLiveObjects: 0.225800 ms CreateObjectMapping: 0.099000 ms MarkObjects: 2.506600 ms  DeleteObjects: 0.168600 ms)

========================================================================
Received Prepare
Registering precompiled user dll's ...
Registered in 0.021781 seconds.
Begin MonoManager ReloadAssembly
Native extension for LinuxStandalone target not found
Native extension for WindowsStandalone target not found
Refreshing native plugins compatible for Editor in 0.84 ms, found 1 plugins.
Preloading 0 native plugins for Editor in 0.00 ms.
Mono: successfully reloaded assembly
- Completed reload, in  1.479 seconds
Platform modules already initialized, skipping
Refreshing native plugins compatible for Editor in 0.75 ms, found 1 plugins.
Preloading 0 native plugins for Editor in 0.00 ms.
Unloading 1804 Unused Serialized files (Serialized files now loaded: 0)
System memory in use before: 85.0 MB.
System memory in use after: 84.9 MB.

Unloading 12 unused Assets to reduce memory usage. Loaded Objects now: 2259.
Total: 3.958800 ms (FindLiveObjects: 0.309000 ms CreateObjectMapping: 0.131500 ms MarkObjects: 3.358200 ms  DeleteObjects: 0.158100 ms)

========================================================================
Received Import Request.
  Time since last request: 272.175074 seconds.
  path: Assets/CameraController.cs
  artifactKey: Guid(334972ead0f8f5e40baafa99d56ba9bb) Importer(815301076,1909f56bfc062723c751e8b465ee728b)
Start importing Assets/CameraController.cs using Guid(334972ead0f8f5e40baafa99d56ba9bb) Importer(815301076,1909f56bfc062723c751e8b465ee728b)  -> (artifact id: 'd0002c56cc0c00a447350e03c7b223db') in 0.013889 seconds
  Import took 0.057800 seconds .

========================================================================
Received Prepare
Registering precompiled user dll's ...
Registered in 0.001537 seconds.
Begin MonoManager ReloadAssembly
Native extension for LinuxStandalone target not found
Native extension for WindowsStandalone target not found
Refreshing native plugins compatible for Editor in 0.66 ms, found 1 plugins.
Preloading 0 native plugins for Editor in 0.00 ms.
Mono: successfully reloaded assembly
- Completed reload, in  1.454 seconds
Platform modules already initialized, skipping
Refreshing native plugins compatible for Editor in 0.55 ms, found 1 plugins.
Preloading 0 native plugins for Editor in 0.00 ms.
Unloading 1804 Unused Serialized files (Serialized files now loaded: 0)
System memory in use before: 85.0 MB.
System memory in use after: 85.0 MB.

Unloading 12 unused Assets to reduce memory usage. Loaded Objects now: 2263.
Total: 2.906700 ms (FindLiveObjects: 0.235400 ms CreateObjectMapping: 0.108200 ms MarkObjects: 2.395300 ms  DeleteObjects: 0.166100 ms)

========================================================================
Received Import Request.
  Time since last request: 278.838588 seconds.
  path: Assets/Taipy.png
  artifactKey: Guid(acacd65de22d81846b1085c33c344484) Importer(815301076,1909f56bfc062723c751e8b465ee728b)
Start importing Assets/Taipy.png using Guid(acacd65de22d81846b1085c33c344484) Importer(815301076,1909f56bfc062723c751e8b465ee728b)  -> (artifact id: '8855dea0889196be0c5ff99d10ebaa49') in 0.317186 seconds
  Import took 0.352988 seconds .

========================================================================
Received Prepare
Registering precompiled user dll's ...
Registered in 0.051853 seconds.
Begin MonoManager ReloadAssembly
Native extension for LinuxStandalone target not found
Native extension for WindowsStandalone target not found
Refreshing native plugins compatible for Editor in 0.60 ms, found 1 plugins.
Preloading 0 native plugins for Editor in 0.00 ms.
[ScriptCompilation] NOT recompiling all scripts because this is an import worker process. Reason to compile was: Define symbols changed
Mono: successfully reloaded assembly
- Completed reload, in  1.401 seconds
Platform modules already initialized, skipping
Refreshing native plugins compatible for Editor in 0.59 ms, found 1 plugins.
Preloading 0 native plugins for Editor in 0.00 ms.
Unloading 1924 Unused Serialized files (Serialized files now loaded: 0)
System memory in use before: 95.8 MB.
System memory in use after: 93.8 MB.

Unloading 39 unused Assets to reduce memory usage. Loaded Objects now: 2366.
Total: 3.839300 ms (FindLiveObjects: 0.234000 ms CreateObjectMapping: 0.104800 ms MarkObjects: 2.564900 ms  DeleteObjects: 0.933300 ms)

========================================================================
Received Import Request.
  Time since last request: 293.977195 seconds.
  path: ProjectSettings/TagManager.asset
  artifactKey: Guid(00000000000000003000000000000000) Importer(815301076,1909f56bfc062723c751e8b465ee728b)
Start importing ProjectSettings/TagManager.asset using Guid(00000000000000003000000000000000) Importer(815301076,1909f56bfc062723c751e8b465ee728b)  -> (artifact id: '95df672b4aaba54310d34c83eef51bb8') in 0.042729 seconds
  Import took 0.047234 seconds .

========================================================================
Received Import Request.
  Time since last request: 19.099703 seconds.
  path: Assets
  artifactKey: Guid(00000000000000001000000000000000) Importer(815301076,1909f56bfc062723c751e8b465ee728b)
Start importing Assets using Guid(00000000000000001000000000000000) Importer(815301076,1909f56bfc062723c751e8b465ee728b)  -> (artifact id: '42d402b061de3733987d63b9cc3b64de') in 0.022371 seconds
  Import took 0.026486 seconds .

========================================================================
Received Prepare
Registering precompiled user dll's ...
Registered in 0.001790 seconds.
Begin MonoManager ReloadAssembly
Native extension for LinuxStandalone target not found
Native extension for WindowsStandalone target not found
Refreshing native plugins compatible for Editor in 9.96 ms, found 1 plugins.
Preloading 0 native plugins for Editor in 0.00 ms.
Mono: successfully reloaded assembly
- Completed reload, in  2.214 seconds
Platform modules already initialized, skipping
Refreshing native plugins compatible for Editor in 0.93 ms, found 1 plugins.
Preloading 0 native plugins for Editor in 0.00 ms.
Unloading 1925 Unused Serialized files (Serialized files now loaded: 0)
System memory in use before: 95.9 MB.
System memory in use after: 93.8 MB.

Unloading 40 unused Assets to reduce memory usage. Loaded Objects now: 2371.
Total: 4.322900 ms (FindLiveObjects: 0.268500 ms CreateObjectMapping: 0.157600 ms MarkObjects: 2.737800 ms  DeleteObjects: 1.156900 ms)

========================================================================
Received Import Request.
  Time since last request: 8.645719 seconds.
  path: Assets/Sun.cs
  artifactKey: Guid(fa977733b61a7f348ac38eb2b42e9d0f) Importer(815301076,1909f56bfc062723c751e8b465ee728b)
Start importing Assets/Sun.cs using Guid(fa977733b61a7f348ac38eb2b42e9d0f) Importer(815301076,1909f56bfc062723c751e8b465ee728b)  -> (artifact id: '2405dcf435d414d4a3902a5b07f36d59') in 0.021365 seconds
  Import took 0.029430 seconds .

========================================================================
Received Prepare
Registering precompiled user dll's ...
Registered in 0.002531 seconds.
Begin MonoManager ReloadAssembly
Native extension for LinuxStandalone target not found
Native extension for WindowsStandalone target not found
Refreshing native plugins compatible for Editor in 0.63 ms, found 1 plugins.
Preloading 0 native plugins for Editor in 0.00 ms.
Mono: successfully reloaded assembly
- Completed reload, in  1.876 seconds
Platform modules already initialized, skipping
Refreshing native plugins compatible for Editor in 0.61 ms, found 1 plugins.
Preloading 0 native plugins for Editor in 0.00 ms.
Unloading 1925 Unused Serialized files (Serialized files now loaded: 0)
System memory in use before: 95.9 MB.
System memory in use after: 93.8 MB.

Unloading 39 unused Assets to reduce memory usage. Loaded Objects now: 2375.
Total: 3.917300 ms (FindLiveObjects: 0.256100 ms CreateObjectMapping: 0.114000 ms MarkObjects: 2.510900 ms  DeleteObjects: 1.034400 ms)

========================================================================
Received Prepare
Registering precompiled user dll's ...
Registered in 0.001680 seconds.
Begin MonoManager ReloadAssembly
Native extension for LinuxStandalone target not found
Native extension for WindowsStandalone target not found
Refreshing native plugins compatible for Editor in 0.64 ms, found 1 plugins.
Preloading 0 native plugins for Editor in 0.00 ms.
Mono: successfully reloaded assembly
- Completed reload, in  1.583 seconds
Platform modules already initialized, skipping
Refreshing native plugins compatible for Editor in 0.72 ms, found 1 plugins.
Preloading 0 native plugins for Editor in 0.00 ms.
Unloading 1925 Unused Serialized files (Serialized files now loaded: 0)
System memory in use before: 95.9 MB.
System memory in use after: 93.8 MB.

Unloading 39 unused Assets to reduce memory usage. Loaded Objects now: 2379.
Total: 4.618800 ms (FindLiveObjects: 0.261600 ms CreateObjectMapping: 0.115300 ms MarkObjects: 3.106000 ms  DeleteObjects: 1.134200 ms)

========================================================================
Received Import Request.
  Time since last request: 54.454029 seconds.
  path: Assets/Sun.cs
  artifactKey: Guid(fa977733b61a7f348ac38eb2b42e9d0f) Importer(815301076,1909f56bfc062723c751e8b465ee728b)
Start importing Assets/Sun.cs using Guid(fa977733b61a7f348ac38eb2b42e9d0f) Importer(815301076,1909f56bfc062723c751e8b465ee728b)  -> (artifact id: '02554042d8c4ac27e999b68368de477a') in 0.012954 seconds
  Import took 0.017839 seconds .

========================================================================
Received Prepare
Registering precompiled user dll's ...
Registered in 0.001693 seconds.
Begin MonoManager ReloadAssembly
Native extension for LinuxStandalone target not found
Native extension for WindowsStandalone target not found
Refreshing native plugins compatible for Editor in 0.66 ms, found 1 plugins.
Preloading 0 native plugins for Editor in 0.00 ms.
Mono: successfully reloaded assembly
- Completed reload, in  1.941 seconds
Platform modules already initialized, skipping
Refreshing native plugins compatible for Editor in 0.67 ms, found 1 plugins.
Preloading 0 native plugins for Editor in 0.00 ms.
Unloading 1925 Unused Serialized files (Serialized files now loaded: 0)
System memory in use before: 95.9 MB.
System memory in use after: 93.9 MB.

Unloading 39 unused Assets to reduce memory usage. Loaded Objects now: 2383.
Total: 4.645100 ms (FindLiveObjects: 0.304000 ms CreateObjectMapping: 0.136400 ms MarkObjects: 3.038500 ms  DeleteObjects: 1.164000 ms)

========================================================================
Received Prepare
Registering precompiled user dll's ...
Registered in 0.001533 seconds.
Begin MonoManager ReloadAssembly
Native extension for LinuxStandalone target not found
Native extension for WindowsStandalone target not found
Refreshing native plugins compatible for Editor in 1.01 ms, found 1 plugins.
Preloading 0 native plugins for Editor in 0.00 ms.
Mono: successfully reloaded assembly
- Completed reload, in  2.105 seconds
Platform modules already initialized, skipping
Refreshing native plugins compatible for Editor in 0.80 ms, found 1 plugins.
Preloading 0 native plugins for Editor in 0.00 ms.
Unloading 1925 Unused Serialized files (Serialized files now loaded: 0)
System memory in use before: 95.9 MB.
System memory in use after: 93.9 MB.

Unloading 39 unused Assets to reduce memory usage. Loaded Objects now: 2387.
Total: 6.014300 ms (FindLiveObjects: 0.264800 ms CreateObjectMapping: 0.115100 ms MarkObjects: 2.938500 ms  DeleteObjects: 2.693800 ms)

========================================================================
Received Prepare
Registering precompiled user dll's ...
Registered in 0.002014 seconds.
Begin MonoManager ReloadAssembly
Native extension for LinuxStandalone target not found
Native extension for WindowsStandalone target not found
Refreshing native plugins compatible for Editor in 2.06 ms, found 1 plugins.
Preloading 0 native plugins for Editor in 0.00 ms.
Mono: successfully reloaded assembly
- Completed reload, in  1.878 seconds
Platform modules already initialized, skipping
Refreshing native plugins compatible for Editor in 0.73 ms, found 1 plugins.
Preloading 0 native plugins for Editor in 0.00 ms.
Unloading 1925 Unused Serialized files (Serialized files now loaded: 0)
System memory in use before: 95.9 MB.
System memory in use after: 93.9 MB.

Unloading 39 unused Assets to reduce memory usage. Loaded Objects now: 2391.
Total: 5.478300 ms (FindLiveObjects: 0.653600 ms CreateObjectMapping: 0.136000 ms MarkObjects: 3.275900 ms  DeleteObjects: 1.410300 ms)

========================================================================
Received Prepare
Registering precompiled user dll's ...
Registered in 0.001574 seconds.
Begin MonoManager ReloadAssembly
Native extension for LinuxStandalone target not found
Native extension for WindowsStandalone target not found
Refreshing native plugins compatible for Editor in 0.65 ms, found 1 plugins.
Preloading 0 native plugins for Editor in 0.00 ms.
Mono: successfully reloaded assembly
- Completed reload, in  1.526 seconds
Platform modules already initialized, skipping
Refreshing native plugins compatible for Editor in 0.64 ms, found 1 plugins.
Preloading 0 native plugins for Editor in 0.00 ms.
Unloading 1925 Unused Serialized files (Serialized files now loaded: 0)
System memory in use before: 95.9 MB.
System memory in use after: 93.9 MB.

Unloading 39 unused Assets to reduce memory usage. Loaded Objects now: 2395.
Total: 4.927300 ms (FindLiveObjects: 0.263400 ms CreateObjectMapping: 0.115300 ms MarkObjects: 3.383600 ms  DeleteObjects: 1.162800 ms)

========================================================================
Received Prepare
Registering precompiled user dll's ...
Registered in 0.001975 seconds.
Begin MonoManager ReloadAssembly
Native extension for LinuxStandalone target not found
Native extension for WindowsStandalone target not found
Refreshing native plugins compatible for Editor in 0.60 ms, found 1 plugins.
Preloading 0 native plugins for Editor in 0.00 ms.
Mono: successfully reloaded assembly
- Completed reload, in  1.790 seconds
Platform modules already initialized, skipping
Refreshing native plugins compatible for Editor in 0.66 ms, found 1 plugins.
Preloading 0 native plugins for Editor in 0.00 ms.
Unloading 1925 Unused Serialized files (Serialized files now loaded: 0)
System memory in use before: 96.0 MB.
System memory in use after: 93.9 MB.

Unloading 39 unused Assets to reduce memory usage. Loaded Objects now: 2399.
Total: 4.141100 ms (FindLiveObjects: 0.236200 ms CreateObjectMapping: 0.105800 ms MarkObjects: 2.713300 ms  DeleteObjects: 1.084100 ms)

========================================================================
Received Prepare
Registering precompiled user dll's ...
Registered in 0.001614 seconds.
Begin MonoManager ReloadAssembly
Native extension for LinuxStandalone target not found
Native extension for WindowsStandalone target not found
Refreshing native plugins compatible for Editor in 0.61 ms, found 1 plugins.
Preloading 0 native plugins for Editor in 0.00 ms.
Mono: successfully reloaded assembly
- Completed reload, in  1.572 seconds
Platform modules already initialized, skipping
Refreshing native plugins compatible for Editor in 0.68 ms, found 1 plugins.
Preloading 0 native plugins for Editor in 0.00 ms.
Unloading 1925 Unused Serialized files (Serialized files now loaded: 0)
System memory in use before: 96.0 MB.
System memory in use after: 93.9 MB.

Unloading 39 unused Assets to reduce memory usage. Loaded Objects now: 2403.
Total: 4.109700 ms (FindLiveObjects: 0.233000 ms CreateObjectMapping: 0.105700 ms MarkObjects: 2.736800 ms  DeleteObjects: 1.032700 ms)

========================================================================
Received Prepare
Registering precompiled user dll's ...
Registered in 0.001639 seconds.
Begin MonoManager ReloadAssembly
Native extension for LinuxStandalone target not found
Native extension for WindowsStandalone target not found
Refreshing native plugins compatible for Editor in 0.63 ms, found 1 plugins.
Preloading 0 native plugins for Editor in 0.00 ms.
Mono: successfully reloaded assembly
- Completed reload, in  1.569 seconds
Platform modules already initialized, skipping
Refreshing native plugins compatible for Editor in 0.62 ms, found 1 plugins.
Preloading 0 native plugins for Editor in 0.00 ms.
Unloading 1925 Unused Serialized files (Serialized files now loaded: 0)
System memory in use before: 96.0 MB.
System memory in use after: 93.9 MB.

Unloading 39 unused Assets to reduce memory usage. Loaded Objects now: 2407.
Total: 4.065900 ms (FindLiveObjects: 0.269600 ms CreateObjectMapping: 0.116600 ms MarkObjects: 2.611200 ms  DeleteObjects: 1.066400 ms)

========================================================================
Received Prepare
Registering precompiled user dll's ...
Registered in 0.001591 seconds.
Begin MonoManager ReloadAssembly
Native extension for LinuxStandalone target not found
Native extension for WindowsStandalone target not found
Refreshing native plugins compatible for Editor in 0.66 ms, found 1 plugins.
Preloading 0 native plugins for Editor in 0.00 ms.
Mono: successfully reloaded assembly
- Completed reload, in  1.795 seconds
Platform modules already initialized, skipping
Refreshing native plugins compatible for Editor in 0.66 ms, found 1 plugins.
Preloading 0 native plugins for Editor in 0.00 ms.
Unloading 1925 Unused Serialized files (Serialized files now loaded: 0)
System memory in use before: 96.0 MB.
System memory in use after: 93.9 MB.

Unloading 39 unused Assets to reduce memory usage. Loaded Objects now: 2411.
Total: 5.541400 ms (FindLiveObjects: 0.312900 ms CreateObjectMapping: 0.154500 ms MarkObjects: 3.778800 ms  DeleteObjects: 1.293000 ms)

========================================================================
Received Import Request.
  Time since last request: 1046.065210 seconds.
  path: Assets/Taipy.prefab
  artifactKey: Guid(86323ee1da58196449a1f7db6bf66ba4) Importer(815301076,1909f56bfc062723c751e8b465ee728b)
Start importing Assets/Taipy.prefab using Guid(86323ee1da58196449a1f7db6bf66ba4) Importer(815301076,1909f56bfc062723c751e8b465ee728b)  -> (artifact id: '4270e096e5cb2cd45daadd862f21f55a') in 0.273730 seconds
  Import took 0.279952 seconds .

========================================================================
Received Import Request.
  Time since last request: 0.048277 seconds.
  path: Assets/Taipy.prefab
  artifactKey: Guid(86323ee1da58196449a1f7db6bf66ba4) Importer(815301076,1909f56bfc062723c751e8b465ee728b)
Start importing Assets/Taipy.prefab using Guid(86323ee1da58196449a1f7db6bf66ba4) Importer(815301076,1909f56bfc062723c751e8b465ee728b)  -> (artifact id: '4270e096e5cb2cd45daadd862f21f55a') in 0.024691 seconds
  Import took 0.029857 seconds .

========================================================================
Received Prepare
Registering precompiled user dll's ...
Registered in 0.001534 seconds.
Begin MonoManager ReloadAssembly
Native extension for LinuxStandalone target not found
Native extension for WindowsStandalone target not found
Refreshing native plugins compatible for Editor in 0.68 ms, found 1 plugins.
Preloading 0 native plugins for Editor in 0.00 ms.
Mono: successfully reloaded assembly
- Completed reload, in  1.599 seconds
Platform modules already initialized, skipping
Refreshing native plugins compatible for Editor in 0.63 ms, found 1 plugins.
Preloading 0 native plugins for Editor in 0.00 ms.
Unloading 1925 Unused Serialized files (Serialized files now loaded: 0)
System memory in use before: 96.0 MB.
System memory in use after: 94.0 MB.

Unloading 39 unused Assets to reduce memory usage. Loaded Objects now: 2419.
Total: 3.972000 ms (FindLiveObjects: 0.265200 ms CreateObjectMapping: 0.115400 ms MarkObjects: 2.597100 ms  DeleteObjects: 0.992300 ms)

========================================================================
Received Prepare
Registering precompiled user dll's ...
Registered in 0.001993 seconds.
Begin MonoManager ReloadAssembly
Native extension for LinuxStandalone target not found
Native extension for WindowsStandalone target not found
Refreshing native plugins compatible for Editor in 0.68 ms, found 1 plugins.
Preloading 0 native plugins for Editor in 0.00 ms.
Mono: successfully reloaded assembly
- Completed reload, in  1.637 seconds
Platform modules already initialized, skipping
Refreshing native plugins compatible for Editor in 0.67 ms, found 1 plugins.
Preloading 0 native plugins for Editor in 0.00 ms.
Unloading 1925 Unused Serialized files (Serialized files now loaded: 0)
System memory in use before: 96.0 MB.
System memory in use after: 94.0 MB.

Unloading 39 unused Assets to reduce memory usage. Loaded Objects now: 2423.
Total: 4.323100 ms (FindLiveObjects: 0.264800 ms CreateObjectMapping: 0.114700 ms MarkObjects: 2.730100 ms  DeleteObjects: 1.211700 ms)

========================================================================
Received Import Request.
  Time since last request: 85.427295 seconds.
  path: Assets/Taipy.prefab
  artifactKey: Guid(86323ee1da58196449a1f7db6bf66ba4) Importer(815301076,1909f56bfc062723c751e8b465ee728b)
Start importing Assets/Taipy.prefab using Guid(86323ee1da58196449a1f7db6bf66ba4) Importer(815301076,1909f56bfc062723c751e8b465ee728b)  -> (artifact id: '5b6948e9ff3aac586d8fc1d53eefce52') in 0.111905 seconds
  Import took 0.116648 seconds .

========================================================================
Received Prepare
Registering precompiled user dll's ...
Registered in 0.001926 seconds.
Begin MonoManager ReloadAssembly
Native extension for LinuxStandalone target not found
Native extension for WindowsStandalone target not found
Refreshing native plugins compatible for Editor in 0.63 ms, found 1 plugins.
Preloading 0 native plugins for Editor in 0.00 ms.
Mono: successfully reloaded assembly
- Completed reload, in  1.790 seconds
Platform modules already initialized, skipping
Refreshing native plugins compatible for Editor in 0.59 ms, found 1 plugins.
Preloading 0 native plugins for Editor in 0.00 ms.
Unloading 1925 Unused Serialized files (Serialized files now loaded: 0)
System memory in use before: 96.1 MB.
System memory in use after: 94.0 MB.

Unloading 39 unused Assets to reduce memory usage. Loaded Objects now: 2428.
Total: 4.145800 ms (FindLiveObjects: 0.244100 ms CreateObjectMapping: 0.105600 ms MarkObjects: 2.621400 ms  DeleteObjects: 1.172100 ms)

========================================================================
Received Import Request.
  Time since last request: 286.847556 seconds.
  path: Assets/Taipy.prefab
  artifactKey: Guid(86323ee1da58196449a1f7db6bf66ba4) Importer(815301076,1909f56bfc062723c751e8b465ee728b)
Start importing Assets/Taipy.prefab using Guid(86323ee1da58196449a1f7db6bf66ba4) Importer(815301076,1909f56bfc062723c751e8b465ee728b)  -> (artifact id: '3e6d78916cfea8b485cd52677183f320') in 0.148129 seconds
  Import took 0.201973 seconds .

========================================================================
Received Import Request.
  Time since last request: 25.350353 seconds.
  path: Assets/Enemy.cs
  artifactKey: Guid(4a8d53593cef2794f9ef8acdb77a30ea) Importer(815301076,1909f56bfc062723c751e8b465ee728b)
Start importing Assets/Enemy.cs using Guid(4a8d53593cef2794f9ef8acdb77a30ea) Importer(815301076,1909f56bfc062723c751e8b465ee728b)  -> (artifact id: '37e143bc3487d30ddb06c86654985c17') in 0.032753 seconds
  Import took 0.039451 seconds .

========================================================================
Received Prepare
Registering precompiled user dll's ...
Registered in 0.001770 seconds.
Begin MonoManager ReloadAssembly
Native extension for LinuxStandalone target not found
Native extension for WindowsStandalone target not found
Refreshing native plugins compatible for Editor in 0.61 ms, found 1 plugins.
Preloading 0 native plugins for Editor in 0.00 ms.
Mono: successfully reloaded assembly
- Completed reload, in  1.392 seconds
Platform modules already initialized, skipping
Refreshing native plugins compatible for Editor in 0.59 ms, found 1 plugins.
Preloading 0 native plugins for Editor in 0.00 ms.
Unloading 1926 Unused Serialized files (Serialized files now loaded: 0)
System memory in use before: 96.3 MB.
System memory in use after: 94.2 MB.

Unloading 41 unused Assets to reduce memory usage. Loaded Objects now: 2435.
Total: 3.760800 ms (FindLiveObjects: 0.250400 ms CreateObjectMapping: 0.105300 ms MarkObjects: 2.386800 ms  DeleteObjects: 1.016600 ms)

========================================================================
Received Import Request.
  Time since last request: 118.717821 seconds.
  path: Assets/Enemy.cs
  artifactKey: Guid(4a8d53593cef2794f9ef8acdb77a30ea) Importer(815301076,1909f56bfc062723c751e8b465ee728b)
Start importing Assets/Enemy.cs using Guid(4a8d53593cef2794f9ef8acdb77a30ea) Importer(815301076,1909f56bfc062723c751e8b465ee728b)  -> (artifact id: 'fb153d4cb0e89648b3d614a048db6391') in 0.045053 seconds
  Import took 0.049955 seconds .

========================================================================
Received Prepare
Registering precompiled user dll's ...
Registered in 0.001579 seconds.
Begin MonoManager ReloadAssembly
Native extension for LinuxStandalone target not found
Native extension for WindowsStandalone target not found
Refreshing native plugins compatible for Editor in 0.65 ms, found 1 plugins.
Preloading 0 native plugins for Editor in 0.00 ms.
Mono: successfully reloaded assembly
- Completed reload, in  1.547 seconds
Platform modules already initialized, skipping
Refreshing native plugins compatible for Editor in 0.62 ms, found 1 plugins.
Preloading 0 native plugins for Editor in 0.00 ms.
Unloading 1926 Unused Serialized files (Serialized files now loaded: 0)
System memory in use before: 96.3 MB.
System memory in use after: 94.2 MB.

Unloading 39 unused Assets to reduce memory usage. Loaded Objects now: 2439.
Total: 4.368700 ms (FindLiveObjects: 0.252900 ms CreateObjectMapping: 0.105900 ms MarkObjects: 2.728100 ms  DeleteObjects: 1.279200 ms)

